<?xml version="1.0" encoding="UTF-8"?>
<!-- Generated by org.testng.reporters.JUnitXMLReporter -->
<testsuite ignored="0" hostname="LUMINARCLT" failures="1" tests="9" name="BstackdemoTest" time="189.394" errors="0" timestamp="2025-08-22T16:09:47 IST">
  <testcase classname="com.Nopcommerce.test.Carttest" name="addToCartButton" time="0.038"/>
  <testcase classname="com.Nopcommerce.test.Carttest" name="addToCartButtonwoSignin" time="2.256"/>
  <testcase classname="com.Nopcommerce.test.Carttest" name="addToCartButtonwithSignin" time="5.004"/>
  <testcase classname="com.Nopcommerce.test.Carttest" name="addToCartButtonwithSigninpdt" time="3.093"/>
  <testcase classname="com.Nopcommerce.test.Carttest" name="addToCartButtonwithSigninforAll" time="56.667"/>
  <testcase classname="com.Nopcommerce.test.Carttest" name="quantityAddProduct" time="1.946"/>
  <testcase classname="com.Nopcommerce.test.Carttest" name="quantityMinusProduct" time="2.224"/>
  <testcase classname="com.Nopcommerce.test.Carttest" name="removeitems" time="2.227"/>
  <testcase classname="com.Nopcommerce.test.Carttest" name="validateCartTotal" time="58.419">
    <failure type="java.lang.NumberFormatException" message="empty String">
      <![CDATA[java.lang.NumberFormatException: empty String
at java.base/jdk.internal.math.FloatingDecimal.readJavaFormatString(FloatingDecimal.java:1842)
at java.base/jdk.internal.math.FloatingDecimal.parseDouble(FloatingDecimal.java:110)
at java.base/java.lang.Double.parseDouble(Double.java:792)
at com.Nopcommerce.pages.Cartpage.getDisplayedSubtotal(Cartpage.java:112)
at com.Nopcommerce.test.Carttest.validateCartTotal(Carttest.java:216)
at java.base/java.util.ArrayList.forEach(ArrayList.java:1596)
... Removed 25 stack frames]]>
    </failure>
  </testcase> <!-- validateCartTotal -->
</testsuite> <!-- BstackdemoTest -->
